<?xml version="1.0" encoding="UTF-8"?>
<testsuite name="io.automationhacks.CalculatorTest" tests="1" skipped="0" failures="0" errors="0" timestamp="2023-11-24T01:01:07" hostname="Marivaldos-MacBook-Pro.local" time="0.008">
  <properties/>
  <testcase name="add()" classname="io.automationhacks.CalculatorTest" time="0.008"/>
  <system-out><![CDATA[]]></system-out>
  <system-err><![CDATA[]]></system-err>
</testsuite>
